<?xml version="1.0" encoding="UTF-8"?>
<coverage generated="1575091267640" clover="3.2.0">
  <project timestamp="1575091267640" name="All files">
    <metrics statements="84" coveredstatements="84" conditionals="4" coveredconditionals="4" methods="28" coveredmethods="27" elements="116" coveredelements="115" complexity="0" loc="84" ncloc="84" packages="5" files="22" classes="22"/>
    <package name="src">
      <metrics statements="1" coveredstatements="1" conditionals="0" coveredconditionals="0" methods="0" coveredmethods="0"/>
      <file name="Enums.js" path="/Users/janithar/Desktop/Repos/hey.car-challenge/HeyCarChallenge/src/Enums.js">
        <metrics statements="1" coveredstatements="1" conditionals="0" coveredconditionals="0" methods="0" coveredmethods="0"/>
        <line num="2" count="1" type="stmt"/>
      </file>
    </package>
    <package name="src.atoms">
      <metrics statements="26" coveredstatements="26" conditionals="0" coveredconditionals="0" methods="11" coveredmethods="11"/>
      <file name="PollsButton.js" path="/Users/janithar/Desktop/Repos/hey.car-challenge/HeyCarChallenge/src/atoms/PollsButton.js">
        <metrics statements="4" coveredstatements="4" conditionals="0" coveredconditionals="0" methods="1" coveredmethods="1"/>
        <line num="6" count="1" type="stmt"/>
        <line num="7" count="2" type="stmt"/>
        <line num="10" count="1" type="stmt"/>
        <line num="16" count="1" type="stmt"/>
      </file>
      <file name="PollsButton.stories.js" path="/Users/janithar/Desktop/Repos/hey.car-challenge/HeyCarChallenge/src/atoms/PollsButton.stories.js">
        <metrics statements="3" coveredstatements="3" conditionals="0" coveredconditionals="0" methods="2" coveredmethods="2"/>
        <line num="8" count="1" type="stmt"/>
        <line num="11" count="1" type="stmt"/>
        <line num="18" count="1" type="stmt"/>
      </file>
      <file name="PollsRadioButton.js" path="/Users/janithar/Desktop/Repos/hey.car-challenge/HeyCarChallenge/src/atoms/PollsRadioButton.js">
        <metrics statements="4" coveredstatements="4" conditionals="0" coveredconditionals="0" methods="1" coveredmethods="1"/>
        <line num="8" count="1" type="stmt"/>
        <line num="9" count="12" type="stmt"/>
        <line num="22" count="1" type="stmt"/>
        <line num="28" count="1" type="stmt"/>
      </file>
      <file name="PollsRadioButton.stories.js" path="/Users/janithar/Desktop/Repos/hey.car-challenge/HeyCarChallenge/src/atoms/PollsRadioButton.stories.js">
        <metrics statements="7" coveredstatements="7" conditionals="0" coveredconditionals="0" methods="5" coveredmethods="5"/>
        <line num="9" count="1" type="stmt"/>
        <line num="13" count="1" type="stmt"/>
        <line num="16" count="1" type="stmt"/>
        <line num="23" count="1" type="stmt"/>
        <line num="30" count="1" type="stmt"/>
        <line num="37" count="1" type="stmt"/>
        <line num="44" count="1" type="stmt"/>
      </file>
      <file name="PollsRadioButtonGroup.js" path="/Users/janithar/Desktop/Repos/hey.car-challenge/HeyCarChallenge/src/atoms/PollsRadioButtonGroup.js">
        <metrics statements="5" coveredstatements="5" conditionals="0" coveredconditionals="0" methods="1" coveredmethods="1"/>
        <line num="7" count="1" type="stmt"/>
        <line num="8" count="1" type="stmt"/>
        <line num="21" count="1" type="stmt"/>
        <line num="28" count="1" type="stmt"/>
        <line num="34" count="1" type="stmt"/>
      </file>
      <file name="PollsRadioButtonGroup.stories.js" path="/Users/janithar/Desktop/Repos/hey.car-challenge/HeyCarChallenge/src/atoms/PollsRadioButtonGroup.stories.js">
        <metrics statements="3" coveredstatements="3" conditionals="0" coveredconditionals="0" methods="1" coveredmethods="1"/>
        <line num="10" count="1" type="stmt"/>
        <line num="23" count="1" type="stmt"/>
        <line num="26" count="1" type="stmt"/>
      </file>
    </package>
    <package name="src.components">
      <metrics statements="41" coveredstatements="41" conditionals="4" coveredconditionals="4" methods="14" coveredmethods="14"/>
      <file name="Choice.js" path="/Users/janithar/Desktop/Repos/hey.car-challenge/HeyCarChallenge/src/components/Choice.js">
        <metrics statements="13" coveredstatements="13" conditionals="4" coveredconditionals="4" methods="3" coveredmethods="3"/>
        <line num="8" count="1" type="stmt"/>
        <line num="9" count="7" type="cond" truecount="2" falsecount="0"/>
        <line num="10" count="1" type="stmt"/>
        <line num="13" count="6" type="stmt"/>
        <line num="16" count="1" type="stmt"/>
        <line num="17" count="7" type="cond" truecount="2" falsecount="0"/>
        <line num="18" count="1" type="stmt"/>
        <line num="21" count="6" type="stmt"/>
        <line num="24" count="1" type="stmt"/>
        <line num="25" count="7" type="stmt"/>
        <line num="36" count="1" type="stmt"/>
        <line num="61" count="1" type="stmt"/>
        <line num="67" count="1" type="stmt"/>
      </file>
      <file name="Choice.stories.js" path="/Users/janithar/Desktop/Repos/hey.car-challenge/HeyCarChallenge/src/components/Choice.stories.js">
        <metrics statements="4" coveredstatements="4" conditionals="0" coveredconditionals="0" methods="3" coveredmethods="3"/>
        <line num="9" count="1" type="stmt"/>
        <line num="12" count="1" type="stmt"/>
        <line num="19" count="1" type="stmt"/>
        <line num="26" count="1" type="stmt"/>
      </file>
      <file name="Poll.js" path="/Users/janithar/Desktop/Repos/hey.car-challenge/HeyCarChallenge/src/components/Poll.js">
        <metrics statements="4" coveredstatements="4" conditionals="0" coveredconditionals="0" methods="1" coveredmethods="1"/>
        <line num="6" count="1" type="stmt"/>
        <line num="7" count="1" type="stmt"/>
        <line num="22" count="1" type="stmt"/>
        <line num="30" count="1" type="stmt"/>
      </file>
      <file name="Poll.stories.js" path="/Users/janithar/Desktop/Repos/hey.car-challenge/HeyCarChallenge/src/components/Poll.stories.js">
        <metrics statements="4" coveredstatements="4" conditionals="0" coveredconditionals="0" methods="1" coveredmethods="1"/>
        <line num="10" count="1" type="stmt"/>
        <line num="12" count="1" type="stmt"/>
        <line num="25" count="1" type="stmt"/>
        <line num="28" count="1" type="stmt"/>
      </file>
      <file name="PollCompleted.js" path="/Users/janithar/Desktop/Repos/hey.car-challenge/HeyCarChallenge/src/components/PollCompleted.js">
        <metrics statements="3" coveredstatements="3" conditionals="0" coveredconditionals="0" methods="1" coveredmethods="1"/>
        <line num="7" count="1" type="stmt"/>
        <line num="8" count="1" type="stmt"/>
        <line num="17" count="1" type="stmt"/>
      </file>
      <file name="PollCompleted.stories.js" path="/Users/janithar/Desktop/Repos/hey.car-challenge/HeyCarChallenge/src/components/PollCompleted.stories.js">
        <metrics statements="2" coveredstatements="2" conditionals="0" coveredconditionals="0" methods="1" coveredmethods="1"/>
        <line num="6" count="1" type="stmt"/>
        <line num="8" count="1" type="stmt"/>
      </file>
      <file name="PollLoading.js" path="/Users/janithar/Desktop/Repos/hey.car-challenge/HeyCarChallenge/src/components/PollLoading.js">
        <metrics statements="3" coveredstatements="3" conditionals="0" coveredconditionals="0" methods="1" coveredmethods="1"/>
        <line num="7" count="1" type="stmt"/>
        <line num="8" count="1" type="stmt"/>
        <line num="17" count="1" type="stmt"/>
      </file>
      <file name="PollLoading.stories.js" path="/Users/janithar/Desktop/Repos/hey.car-challenge/HeyCarChallenge/src/components/PollLoading.stories.js">
        <metrics statements="2" coveredstatements="2" conditionals="0" coveredconditionals="0" methods="1" coveredmethods="1"/>
        <line num="6" count="1" type="stmt"/>
        <line num="8" count="1" type="stmt"/>
      </file>
      <file name="Question.js" path="/Users/janithar/Desktop/Repos/hey.car-challenge/HeyCarChallenge/src/components/Question.js">
        <metrics statements="4" coveredstatements="4" conditionals="0" coveredconditionals="0" methods="1" coveredmethods="1"/>
        <line num="8" count="1" type="stmt"/>
        <line num="9" count="2" type="stmt"/>
        <line num="22" count="1" type="stmt"/>
        <line num="34" count="1" type="stmt"/>
      </file>
      <file name="Question.stories.js" path="/Users/janithar/Desktop/Repos/hey.car-challenge/HeyCarChallenge/src/components/Question.stories.js">
        <metrics statements="2" coveredstatements="2" conditionals="0" coveredconditionals="0" methods="1" coveredmethods="1"/>
        <line num="7" count="1" type="stmt"/>
        <line num="10" count="1" type="stmt"/>
      </file>
    </package>
    <package name="src.resources">
      <metrics statements="2" coveredstatements="2" conditionals="0" coveredconditionals="0" methods="0" coveredmethods="0"/>
      <file name="colors.js" path="/Users/janithar/Desktop/Repos/hey.car-challenge/HeyCarChallenge/src/resources/colors.js">
        <metrics statements="1" coveredstatements="1" conditionals="0" coveredconditionals="0" methods="0" coveredmethods="0"/>
        <line num="2" count="1" type="stmt"/>
      </file>
      <file name="dimensions.js" path="/Users/janithar/Desktop/Repos/hey.car-challenge/HeyCarChallenge/src/resources/dimensions.js">
        <metrics statements="1" coveredstatements="1" conditionals="0" coveredconditionals="0" methods="0" coveredmethods="0"/>
        <line num="2" count="1" type="stmt"/>
      </file>
    </package>
    <package name="storybook">
      <metrics statements="14" coveredstatements="14" conditionals="0" coveredconditionals="0" methods="3" coveredmethods="2"/>
      <file name="index.js" path="/Users/janithar/Desktop/Repos/hey.car-challenge/HeyCarChallenge/storybook/index.js">
        <metrics statements="4" coveredstatements="4" conditionals="0" coveredconditionals="0" methods="2" coveredmethods="1"/>
        <line num="8" count="1" type="stmt"/>
        <line num="9" count="1" type="stmt"/>
        <line num="14" count="1" type="stmt"/>
        <line num="18" count="1" type="stmt"/>
      </file>
      <file name="rn-addons.js" path="/Users/janithar/Desktop/Repos/hey.car-challenge/HeyCarChallenge/storybook/rn-addons.js">
        <metrics statements="0" coveredstatements="0" conditionals="0" coveredconditionals="0" methods="0" coveredmethods="0"/>
      </file>
      <file name="storyLoader.js" path="/Users/janithar/Desktop/Repos/hey.car-challenge/HeyCarChallenge/storybook/storyLoader.js">
        <metrics statements="10" coveredstatements="10" conditionals="0" coveredconditionals="0" methods="1" coveredmethods="1"/>
        <line num="7" count="1" type="stmt"/>
        <line num="8" count="1" type="stmt"/>
        <line num="9" count="1" type="stmt"/>
        <line num="10" count="1" type="stmt"/>
        <line num="11" count="1" type="stmt"/>
        <line num="12" count="1" type="stmt"/>
        <line num="13" count="1" type="stmt"/>
        <line num="14" count="1" type="stmt"/>
        <line num="17" count="1" type="stmt"/>
        <line num="28" count="1" type="stmt"/>
      </file>
    </package>
  </project>
</coverage>
