{"/Users/janithar/Desktop/Repos/hey.car-challenge/HeyCarChallenge/src/Enums.js": {"path":"/Users/janithar/Desktop/Repos/hey.car-challenge/HeyCarChallenge/src/Enums.js","statementMap":{"0":{"start":{"line":2,"column":33},"end":{"line":5,"column":2}}},"fnMap":{},"branchMap":{},"s":{"0":1},"f":{},"b":{},"_coverageSchema":"43e27e138ebf9cfc5966b082cf9a028302ed4184","hash":"3145457c2cb0d9422c02b78bbee5c9a5e35099e5"}
,"/Users/janithar/Desktop/Repos/hey.car-challenge/HeyCarChallenge/src/atoms/PollsButton.js": {"path":"/Users/janithar/Desktop/Repos/hey.car-challenge/HeyCarChallenge/src/atoms/PollsButton.js","statementMap":{"0":{"start":{"line":6,"column":20},"end":{"line":8,"column":1}},"1":{"start":{"line":7,"column":4},"end":{"line":7,"column":74}},"2":{"start":{"line":10,"column":0},"end":{"line":14,"column":2}},"3":{"start":{"line":16,"column":0},"end":{"line":18,"column":2}}},"fnMap":{"0":{"name":"(anonymous_0)","decl":{"start":{"line":6,"column":20},"end":{"line":6,"column":21}},"loc":{"start":{"line":6,"column":54},"end":{"line":8,"column":1}},"line":6}},"branchMap":{},"s":{"0":1,"1":2,"2":1,"3":1},"f":{"0":2},"b":{},"_coverageSchema":"43e27e138ebf9cfc5966b082cf9a028302ed4184","hash":"478fd57f2bf5287bdd28b8ff9d274ff96fb2dcbd"}
,"/Users/janithar/Desktop/Repos/hey.car-challenge/HeyCarChallenge/src/atoms/PollsButton.stories.js": {"path":"/Users/janithar/Desktop/Repos/hey.car-challenge/HeyCarChallenge/src/atoms/PollsButton.stories.js","statementMap":{"0":{"start":{"line":8,"column":0},"end":{"line":23,"column":7}},"1":{"start":{"line":11,"column":8},"end":{"line":15,"column":10}},"2":{"start":{"line":18,"column":8},"end":{"line":22,"column":10}}},"fnMap":{"0":{"name":"(anonymous_0)","decl":{"start":{"line":10,"column":20},"end":{"line":10,"column":21}},"loc":{"start":{"line":11,"column":8},"end":{"line":15,"column":10}},"line":11},"1":{"name":"(anonymous_1)","decl":{"start":{"line":17,"column":21},"end":{"line":17,"column":22}},"loc":{"start":{"line":18,"column":8},"end":{"line":22,"column":10}},"line":18}},"branchMap":{},"s":{"0":1,"1":1,"2":1},"f":{"0":1,"1":1},"b":{},"_coverageSchema":"43e27e138ebf9cfc5966b082cf9a028302ed4184","hash":"4aa1be306d3d1ee309691aa85d815dfc01e2516f"}
,"/Users/janithar/Desktop/Repos/hey.car-challenge/HeyCarChallenge/src/atoms/PollsRadioButton.js": {"path":"/Users/janithar/Desktop/Repos/hey.car-challenge/HeyCarChallenge/src/atoms/PollsRadioButton.js","statementMap":{"0":{"start":{"line":8,"column":25},"end":{"line":18,"column":1}},"1":{"start":{"line":9,"column":4},"end":{"line":17,"column":6}},"2":{"start":{"line":22,"column":0},"end":{"line":26,"column":2}},"3":{"start":{"line":28,"column":0},"end":{"line":31,"column":2}}},"fnMap":{"0":{"name":"(anonymous_0)","decl":{"start":{"line":8,"column":25},"end":{"line":8,"column":26}},"loc":{"start":{"line":8,"column":58},"end":{"line":18,"column":1}},"line":8}},"branchMap":{},"s":{"0":1,"1":12,"2":1,"3":1},"f":{"0":12},"b":{},"_coverageSchema":"43e27e138ebf9cfc5966b082cf9a028302ed4184","hash":"8fd155fb085ad9d089e1319a5daed9908c06e51e"}
,"/Users/janithar/Desktop/Repos/hey.car-challenge/HeyCarChallenge/src/atoms/PollsRadioButton.stories.js": {"path":"/Users/janithar/Desktop/Repos/hey.car-challenge/HeyCarChallenge/src/atoms/PollsRadioButton.stories.js","statementMap":{"0":{"start":{"line":9,"column":22},"end":{"line":11,"column":1}},"1":{"start":{"line":13,"column":0},"end":{"line":49,"column":7}},"2":{"start":{"line":16,"column":8},"end":{"line":20,"column":10}},"3":{"start":{"line":23,"column":8},"end":{"line":27,"column":10}},"4":{"start":{"line":30,"column":8},"end":{"line":34,"column":10}},"5":{"start":{"line":37,"column":8},"end":{"line":41,"column":10}},"6":{"start":{"line":44,"column":8},"end":{"line":48,"column":10}}},"fnMap":{"0":{"name":"(anonymous_0)","decl":{"start":{"line":15,"column":20},"end":{"line":15,"column":21}},"loc":{"start":{"line":16,"column":8},"end":{"line":20,"column":10}},"line":16},"1":{"name":"(anonymous_1)","decl":{"start":{"line":22,"column":22},"end":{"line":22,"column":23}},"loc":{"start":{"line":23,"column":8},"end":{"line":27,"column":10}},"line":23},"2":{"name":"(anonymous_2)","decl":{"start":{"line":29,"column":20},"end":{"line":29,"column":21}},"loc":{"start":{"line":30,"column":8},"end":{"line":34,"column":10}},"line":30},"3":{"name":"(anonymous_3)","decl":{"start":{"line":36,"column":31},"end":{"line":36,"column":32}},"loc":{"start":{"line":37,"column":8},"end":{"line":41,"column":10}},"line":37},"4":{"name":"(anonymous_4)","decl":{"start":{"line":43,"column":29},"end":{"line":43,"column":30}},"loc":{"start":{"line":44,"column":8},"end":{"line":48,"column":10}},"line":44}},"branchMap":{},"s":{"0":1,"1":1,"2":1,"3":1,"4":1,"5":1,"6":1},"f":{"0":1,"1":1,"2":1,"3":1,"4":1},"b":{},"_coverageSchema":"43e27e138ebf9cfc5966b082cf9a028302ed4184","hash":"114b090c22ec808ad0c45593de3c48c88cb29301"}
,"/Users/janithar/Desktop/Repos/hey.car-challenge/HeyCarChallenge/src/atoms/PollsRadioButtonGroup.js": {"path":"/Users/janithar/Desktop/Repos/hey.car-challenge/HeyCarChallenge/src/atoms/PollsRadioButtonGroup.js","statementMap":{"0":{"start":{"line":7,"column":30},"end":{"line":19,"column":1}},"1":{"start":{"line":8,"column":4},"end":{"line":18,"column":6}},"2":{"start":{"line":21,"column":15},"end":{"line":26,"column":2}},"3":{"start":{"line":28,"column":0},"end":{"line":32,"column":2}},"4":{"start":{"line":34,"column":0},"end":{"line":36,"column":2}}},"fnMap":{"0":{"name":"(anonymous_0)","decl":{"start":{"line":7,"column":30},"end":{"line":7,"column":31}},"loc":{"start":{"line":7,"column":69},"end":{"line":19,"column":1}},"line":7}},"branchMap":{},"s":{"0":1,"1":1,"2":1,"3":1,"4":1},"f":{"0":1},"b":{},"_coverageSchema":"43e27e138ebf9cfc5966b082cf9a028302ed4184","hash":"997f21a6dd8aaa6798c3d904df59b642d2d6808a"}
,"/Users/janithar/Desktop/Repos/hey.car-challenge/HeyCarChallenge/src/atoms/PollsRadioButtonGroup.stories.js": {"path":"/Users/janithar/Desktop/Repos/hey.car-challenge/HeyCarChallenge/src/atoms/PollsRadioButtonGroup.stories.js","statementMap":{"0":{"start":{"line":10,"column":20},"end":{"line":21,"column":1}},"1":{"start":{"line":23,"column":0},"end":{"line":31,"column":7}},"2":{"start":{"line":26,"column":8},"end":{"line":30,"column":10}}},"fnMap":{"0":{"name":"(anonymous_0)","decl":{"start":{"line":25,"column":20},"end":{"line":25,"column":21}},"loc":{"start":{"line":26,"column":8},"end":{"line":30,"column":10}},"line":26}},"branchMap":{},"s":{"0":1,"1":1,"2":1},"f":{"0":1},"b":{},"_coverageSchema":"43e27e138ebf9cfc5966b082cf9a028302ed4184","hash":"3bb46faca73fe6b80c23ecf6dc9af1c14c0513d8"}
,"/Users/janithar/Desktop/Repos/hey.car-challenge/HeyCarChallenge/src/components/Choice.js": {"path":"/Users/janithar/Desktop/Repos/hey.car-challenge/HeyCarChallenge/src/components/Choice.js","statementMap":{"0":{"start":{"line":8,"column":26},"end":{"line":14,"column":1}},"1":{"start":{"line":9,"column":4},"end":{"line":11,"column":5}},"2":{"start":{"line":10,"column":8},"end":{"line":10,"column":83}},"3":{"start":{"line":13,"column":4},"end":{"line":13,"column":28}},"4":{"start":{"line":16,"column":21},"end":{"line":22,"column":1}},"5":{"start":{"line":17,"column":4},"end":{"line":19,"column":5}},"6":{"start":{"line":18,"column":8},"end":{"line":18,"column":73}},"7":{"start":{"line":21,"column":4},"end":{"line":21,"column":23}},"8":{"start":{"line":24,"column":15},"end":{"line":34,"column":1}},"9":{"start":{"line":25,"column":4},"end":{"line":33,"column":6}},"10":{"start":{"line":36,"column":15},"end":{"line":59,"column":2}},"11":{"start":{"line":61,"column":0},"end":{"line":65,"column":2}},"12":{"start":{"line":67,"column":0},"end":{"line":69,"column":2}}},"fnMap":{"0":{"name":"(anonymous_0)","decl":{"start":{"line":8,"column":26},"end":{"line":8,"column":27}},"loc":{"start":{"line":8,"column":43},"end":{"line":14,"column":1}},"line":8},"1":{"name":"(anonymous_1)","decl":{"start":{"line":16,"column":21},"end":{"line":16,"column":22}},"loc":{"start":{"line":16,"column":38},"end":{"line":22,"column":1}},"line":16},"2":{"name":"(anonymous_2)","decl":{"start":{"line":24,"column":15},"end":{"line":24,"column":16}},"loc":{"start":{"line":24,"column":61},"end":{"line":34,"column":1}},"line":24}},"branchMap":{"0":{"loc":{"start":{"line":9,"column":4},"end":{"line":11,"column":5}},"type":"if","locations":[{"start":{"line":9,"column":4},"end":{"line":11,"column":5}},{"start":{"line":9,"column":4},"end":{"line":11,"column":5}}],"line":9},"1":{"loc":{"start":{"line":17,"column":4},"end":{"line":19,"column":5}},"type":"if","locations":[{"start":{"line":17,"column":4},"end":{"line":19,"column":5}},{"start":{"line":17,"column":4},"end":{"line":19,"column":5}}],"line":17}},"s":{"0":1,"1":7,"2":1,"3":6,"4":1,"5":7,"6":1,"7":6,"8":1,"9":7,"10":1,"11":1,"12":1},"f":{"0":7,"1":7,"2":7},"b":{"0":[1,6],"1":[1,6]},"_coverageSchema":"43e27e138ebf9cfc5966b082cf9a028302ed4184","hash":"96ba1af9e44e8fff0c286fb972f077ef173f09f4"}
,"/Users/janithar/Desktop/Repos/hey.car-challenge/HeyCarChallenge/src/components/Choice.stories.js": {"path":"/Users/janithar/Desktop/Repos/hey.car-challenge/HeyCarChallenge/src/components/Choice.stories.js","statementMap":{"0":{"start":{"line":9,"column":0},"end":{"line":31,"column":7}},"1":{"start":{"line":12,"column":8},"end":{"line":16,"column":10}},"2":{"start":{"line":19,"column":8},"end":{"line":23,"column":10}},"3":{"start":{"line":26,"column":8},"end":{"line":30,"column":10}}},"fnMap":{"0":{"name":"(anonymous_0)","decl":{"start":{"line":11,"column":20},"end":{"line":11,"column":21}},"loc":{"start":{"line":12,"column":8},"end":{"line":16,"column":10}},"line":12},"1":{"name":"(anonymous_1)","decl":{"start":{"line":18,"column":28},"end":{"line":18,"column":29}},"loc":{"start":{"line":19,"column":8},"end":{"line":23,"column":10}},"line":19},"2":{"name":"(anonymous_2)","decl":{"start":{"line":25,"column":24},"end":{"line":25,"column":25}},"loc":{"start":{"line":26,"column":8},"end":{"line":30,"column":10}},"line":26}},"branchMap":{},"s":{"0":1,"1":1,"2":1,"3":1},"f":{"0":1,"1":1,"2":1},"b":{},"_coverageSchema":"43e27e138ebf9cfc5966b082cf9a028302ed4184","hash":"aecd1a5e6fa533ca30ab02f3089cec760a3d8a8c"}
,"/Users/janithar/Desktop/Repos/hey.car-challenge/HeyCarChallenge/src/components/Poll.js": {"path":"/Users/janithar/Desktop/Repos/hey.car-challenge/HeyCarChallenge/src/components/Poll.js","statementMap":{"0":{"start":{"line":6,"column":13},"end":{"line":20,"column":1}},"1":{"start":{"line":7,"column":4},"end":{"line":19,"column":6}},"2":{"start":{"line":22,"column":15},"end":{"line":28,"column":2}},"3":{"start":{"line":30,"column":0},"end":{"line":33,"column":2}}},"fnMap":{"0":{"name":"(anonymous_0)","decl":{"start":{"line":6,"column":13},"end":{"line":6,"column":14}},"loc":{"start":{"line":6,"column":40},"end":{"line":20,"column":1}},"line":6}},"branchMap":{},"s":{"0":1,"1":1,"2":1,"3":1},"f":{"0":1},"b":{},"_coverageSchema":"43e27e138ebf9cfc5966b082cf9a028302ed4184","hash":"b93cdbba6f4ce1e7a69028daccd576dc7d6c1b5f"}
,"/Users/janithar/Desktop/Repos/hey.car-challenge/HeyCarChallenge/src/components/Poll.stories.js": {"path":"/Users/janithar/Desktop/Repos/hey.car-challenge/HeyCarChallenge/src/components/Poll.stories.js","statementMap":{"0":{"start":{"line":10,"column":21},"end":{"line":10,"column":75}},"1":{"start":{"line":12,"column":20},"end":{"line":23,"column":1}},"2":{"start":{"line":25,"column":0},"end":{"line":32,"column":7}},"3":{"start":{"line":28,"column":8},"end":{"line":31,"column":10}}},"fnMap":{"0":{"name":"(anonymous_0)","decl":{"start":{"line":27,"column":20},"end":{"line":27,"column":21}},"loc":{"start":{"line":28,"column":8},"end":{"line":31,"column":10}},"line":28}},"branchMap":{},"s":{"0":1,"1":1,"2":1,"3":1},"f":{"0":1},"b":{},"_coverageSchema":"43e27e138ebf9cfc5966b082cf9a028302ed4184","hash":"d6207acbad628712a5231c5e0ed8935475640cd8"}
,"/Users/janithar/Desktop/Repos/hey.car-challenge/HeyCarChallenge/src/components/PollCompleted.js": {"path":"/Users/janithar/Desktop/Repos/hey.car-challenge/HeyCarChallenge/src/components/PollCompleted.js","statementMap":{"0":{"start":{"line":7,"column":22},"end":{"line":15,"column":1}},"1":{"start":{"line":8,"column":4},"end":{"line":14,"column":6}},"2":{"start":{"line":17,"column":15},"end":{"line":31,"column":2}}},"fnMap":{"0":{"name":"(anonymous_0)","decl":{"start":{"line":7,"column":22},"end":{"line":7,"column":23}},"loc":{"start":{"line":7,"column":28},"end":{"line":15,"column":1}},"line":7}},"branchMap":{},"s":{"0":1,"1":1,"2":1},"f":{"0":1},"b":{},"_coverageSchema":"43e27e138ebf9cfc5966b082cf9a028302ed4184","hash":"adee630fb46c98a78231cefff2bab9e39898948b"}
,"/Users/janithar/Desktop/Repos/hey.car-challenge/HeyCarChallenge/src/components/PollCompleted.stories.js": {"path":"/Users/janithar/Desktop/Repos/hey.car-challenge/HeyCarChallenge/src/components/PollCompleted.stories.js","statementMap":{"0":{"start":{"line":6,"column":0},"end":{"line":9,"column":7}},"1":{"start":{"line":8,"column":8},"end":{"line":8,"column":25}}},"fnMap":{"0":{"name":"(anonymous_0)","decl":{"start":{"line":7,"column":20},"end":{"line":7,"column":21}},"loc":{"start":{"line":8,"column":8},"end":{"line":8,"column":25}},"line":8}},"branchMap":{},"s":{"0":1,"1":1},"f":{"0":1},"b":{},"_coverageSchema":"43e27e138ebf9cfc5966b082cf9a028302ed4184","hash":"8021cd17043ac4e08ae422bc17823ad2e1e2969a"}
,"/Users/janithar/Desktop/Repos/hey.car-challenge/HeyCarChallenge/src/components/PollLoading.js": {"path":"/Users/janithar/Desktop/Repos/hey.car-challenge/HeyCarChallenge/src/components/PollLoading.js","statementMap":{"0":{"start":{"line":7,"column":20},"end":{"line":15,"column":1}},"1":{"start":{"line":8,"column":4},"end":{"line":14,"column":6}},"2":{"start":{"line":17,"column":15},"end":{"line":31,"column":2}}},"fnMap":{"0":{"name":"(anonymous_0)","decl":{"start":{"line":7,"column":20},"end":{"line":7,"column":21}},"loc":{"start":{"line":7,"column":26},"end":{"line":15,"column":1}},"line":7}},"branchMap":{},"s":{"0":1,"1":1,"2":1},"f":{"0":1},"b":{},"_coverageSchema":"43e27e138ebf9cfc5966b082cf9a028302ed4184","hash":"b852fc672e756e784e90e77715a3d1635b1767f7"}
,"/Users/janithar/Desktop/Repos/hey.car-challenge/HeyCarChallenge/src/components/PollLoading.stories.js": {"path":"/Users/janithar/Desktop/Repos/hey.car-challenge/HeyCarChallenge/src/components/PollLoading.stories.js","statementMap":{"0":{"start":{"line":6,"column":0},"end":{"line":9,"column":7}},"1":{"start":{"line":8,"column":8},"end":{"line":8,"column":23}}},"fnMap":{"0":{"name":"(anonymous_0)","decl":{"start":{"line":7,"column":20},"end":{"line":7,"column":21}},"loc":{"start":{"line":8,"column":8},"end":{"line":8,"column":23}},"line":8}},"branchMap":{},"s":{"0":1,"1":1},"f":{"0":1},"b":{},"_coverageSchema":"43e27e138ebf9cfc5966b082cf9a028302ed4184","hash":"0d3e565ca82881207c5b6ee21e00fca487c4214f"}
,"/Users/janithar/Desktop/Repos/hey.car-challenge/HeyCarChallenge/src/components/Question.js": {"path":"/Users/janithar/Desktop/Repos/hey.car-challenge/HeyCarChallenge/src/components/Question.js","statementMap":{"0":{"start":{"line":8,"column":17},"end":{"line":20,"column":1}},"1":{"start":{"line":9,"column":4},"end":{"line":19,"column":6}},"2":{"start":{"line":22,"column":15},"end":{"line":32,"column":2}},"3":{"start":{"line":34,"column":0},"end":{"line":36,"column":2}}},"fnMap":{"0":{"name":"(anonymous_0)","decl":{"start":{"line":8,"column":17},"end":{"line":8,"column":18}},"loc":{"start":{"line":8,"column":31},"end":{"line":20,"column":1}},"line":8}},"branchMap":{},"s":{"0":1,"1":2,"2":1,"3":1},"f":{"0":2},"b":{},"_coverageSchema":"43e27e138ebf9cfc5966b082cf9a028302ed4184","hash":"5fb17074860bf7fed92d7e8dec9b70f323568bb1"}
,"/Users/janithar/Desktop/Repos/hey.car-challenge/HeyCarChallenge/src/components/Question.stories.js": {"path":"/Users/janithar/Desktop/Repos/hey.car-challenge/HeyCarChallenge/src/components/Question.stories.js","statementMap":{"0":{"start":{"line":7,"column":0},"end":{"line":13,"column":7}},"1":{"start":{"line":10,"column":8},"end":{"line":12,"column":10}}},"fnMap":{"0":{"name":"(anonymous_0)","decl":{"start":{"line":9,"column":20},"end":{"line":9,"column":21}},"loc":{"start":{"line":10,"column":8},"end":{"line":12,"column":10}},"line":10}},"branchMap":{},"s":{"0":1,"1":1},"f":{"0":1},"b":{},"_coverageSchema":"43e27e138ebf9cfc5966b082cf9a028302ed4184","hash":"3f4ae97cfc623f5a26c1da995376013feab9b78a"}
,"/Users/janithar/Desktop/Repos/hey.car-challenge/HeyCarChallenge/src/resources/colors.js": {"path":"/Users/janithar/Desktop/Repos/hey.car-challenge/HeyCarChallenge/src/resources/colors.js","statementMap":{"0":{"start":{"line":2,"column":15},"end":{"line":10,"column":2}}},"fnMap":{},"branchMap":{},"s":{"0":1},"f":{},"b":{},"_coverageSchema":"43e27e138ebf9cfc5966b082cf9a028302ed4184","hash":"69207747c23f8b8bccdda0a0ad72e268f254f4e9"}
,"/Users/janithar/Desktop/Repos/hey.car-challenge/HeyCarChallenge/src/resources/dimensions.js": {"path":"/Users/janithar/Desktop/Repos/hey.car-challenge/HeyCarChallenge/src/resources/dimensions.js","statementMap":{"0":{"start":{"line":2,"column":19},"end":{"line":6,"column":2}}},"fnMap":{},"branchMap":{},"s":{"0":1},"f":{},"b":{},"_coverageSchema":"43e27e138ebf9cfc5966b082cf9a028302ed4184","hash":"eed321017d1aae9e7f51cceb89a5fbeec138a6fb"}
,"/Users/janithar/Desktop/Repos/hey.car-challenge/HeyCarChallenge/storybook/index.js": {"path":"/Users/janithar/Desktop/Repos/hey.car-challenge/HeyCarChallenge/storybook/index.js","statementMap":{"0":{"start":{"line":8,"column":0},"end":{"line":10,"column":11}},"1":{"start":{"line":9,"column":4},"end":{"line":9,"column":17}},"2":{"start":{"line":14,"column":24},"end":{"line":14,"column":54}},"3":{"start":{"line":18,"column":0},"end":{"line":18,"column":72}},"4":{"start":{"line":18,"column":55},"end":{"line":18,"column":70}}},"fnMap":{"0":{"name":"(anonymous_0)","decl":{"start":{"line":8,"column":10},"end":{"line":8,"column":11}},"loc":{"start":{"line":8,"column":16},"end":{"line":10,"column":1}},"line":8},"1":{"name":"(anonymous_1)","decl":{"start":{"line":18,"column":49},"end":{"line":18,"column":50}},"loc":{"start":{"line":18,"column":55},"end":{"line":18,"column":70}},"line":18}},"branchMap":{},"s":{"0":1,"1":1,"2":1,"3":1,"4":0},"f":{"0":1,"1":0},"b":{},"_coverageSchema":"43e27e138ebf9cfc5966b082cf9a028302ed4184","hash":"a3437429b1eb079fe598a7146cf4928411364de2"}
,"/Users/janithar/Desktop/Repos/hey.car-challenge/HeyCarChallenge/storybook/rn-addons.js": {"path":"/Users/janithar/Desktop/Repos/hey.car-challenge/HeyCarChallenge/storybook/rn-addons.js","statementMap":{},"fnMap":{},"branchMap":{},"s":{},"f":{},"b":{},"_coverageSchema":"43e27e138ebf9cfc5966b082cf9a028302ed4184","hash":"0055f0d4cdd1930a1f8960a1b716075e23831f22"}
,"/Users/janithar/Desktop/Repos/hey.car-challenge/HeyCarChallenge/storybook/storyLoader.js": {"path":"/Users/janithar/Desktop/Repos/hey.car-challenge/HeyCarChallenge/storybook/storyLoader.js","statementMap":{"0":{"start":{"line":7,"column":1},"end":{"line":7,"column":45}},"1":{"start":{"line":8,"column":1},"end":{"line":8,"column":50}},"2":{"start":{"line":9,"column":1},"end":{"line":9,"column":55}},"3":{"start":{"line":10,"column":1},"end":{"line":10,"column":45}},"4":{"start":{"line":11,"column":1},"end":{"line":11,"column":43}},"5":{"start":{"line":12,"column":1},"end":{"line":12,"column":52}},"6":{"start":{"line":13,"column":1},"end":{"line":13,"column":50}},"7":{"start":{"line":14,"column":1},"end":{"line":14,"column":47}},"8":{"start":{"line":17,"column":16},"end":{"line":26,"column":1}},"9":{"start":{"line":28,"column":0},"end":{"line":31,"column":2}}},"fnMap":{"0":{"name":"loadStories","decl":{"start":{"line":6,"column":9},"end":{"line":6,"column":20}},"loc":{"start":{"line":6,"column":23},"end":{"line":15,"column":1}},"line":6}},"branchMap":{},"s":{"0":1,"1":1,"2":1,"3":1,"4":1,"5":1,"6":1,"7":1,"8":1,"9":1},"f":{"0":1},"b":{},"_coverageSchema":"43e27e138ebf9cfc5966b082cf9a028302ed4184","hash":"68f0c9377b826995a1a67cfa2602b2aa50da6a30"}
}
