TN:
SF:/Users/janithar/Desktop/Repos/hey.car-challenge/HeyCarChallenge/src/Enums.js
FNF:0
FNH:0
DA:2,1
LF:1
LH:1
BRF:0
BRH:0
end_of_record
TN:
SF:/Users/janithar/Desktop/Repos/hey.car-challenge/HeyCarChallenge/src/atoms/PollsButton.js
FN:6,(anonymous_0)
FNF:1
FNH:1
FNDA:2,(anonymous_0)
DA:6,1
DA:7,2
DA:10,1
DA:16,1
LF:4
LH:4
BRF:0
BRH:0
end_of_record
TN:
SF:/Users/janithar/Desktop/Repos/hey.car-challenge/HeyCarChallenge/src/atoms/PollsButton.stories.js
FN:10,(anonymous_0)
FN:17,(anonymous_1)
FNF:2
FNH:2
FNDA:1,(anonymous_0)
FNDA:1,(anonymous_1)
DA:8,1
DA:11,1
DA:18,1
LF:3
LH:3
BRF:0
BRH:0
end_of_record
TN:
SF:/Users/janithar/Desktop/Repos/hey.car-challenge/HeyCarChallenge/src/atoms/PollsRadioButton.js
FN:8,(anonymous_0)
FNF:1
FNH:1
FNDA:12,(anonymous_0)
DA:8,1
DA:9,12
DA:22,1
DA:28,1
LF:4
LH:4
BRF:0
BRH:0
end_of_record
TN:
SF:/Users/janithar/Desktop/Repos/hey.car-challenge/HeyCarChallenge/src/atoms/PollsRadioButton.stories.js
FN:15,(anonymous_0)
FN:22,(anonymous_1)
FN:29,(anonymous_2)
FN:36,(anonymous_3)
FN:43,(anonymous_4)
FNF:5
FNH:5
FNDA:1,(anonymous_0)
FNDA:1,(anonymous_1)
FNDA:1,(anonymous_2)
FNDA:1,(anonymous_3)
FNDA:1,(anonymous_4)
DA:9,1
DA:13,1
DA:16,1
DA:23,1
DA:30,1
DA:37,1
DA:44,1
LF:7
LH:7
BRF:0
BRH:0
end_of_record
TN:
SF:/Users/janithar/Desktop/Repos/hey.car-challenge/HeyCarChallenge/src/atoms/PollsRadioButtonGroup.js
FN:7,(anonymous_0)
FNF:1
FNH:1
FNDA:1,(anonymous_0)
DA:7,1
DA:8,1
DA:21,1
DA:28,1
DA:34,1
LF:5
LH:5
BRF:0
BRH:0
end_of_record
TN:
SF:/Users/janithar/Desktop/Repos/hey.car-challenge/HeyCarChallenge/src/atoms/PollsRadioButtonGroup.stories.js
FN:25,(anonymous_0)
FNF:1
FNH:1
FNDA:1,(anonymous_0)
DA:10,1
DA:23,1
DA:26,1
LF:3
LH:3
BRF:0
BRH:0
end_of_record
TN:
SF:/Users/janithar/Desktop/Repos/hey.car-challenge/HeyCarChallenge/src/components/Choice.js
FN:8,(anonymous_0)
FN:16,(anonymous_1)
FN:24,(anonymous_2)
FNF:3
FNH:3
FNDA:7,(anonymous_0)
FNDA:7,(anonymous_1)
FNDA:7,(anonymous_2)
DA:8,1
DA:9,7
DA:10,1
DA:13,6
DA:16,1
DA:17,7
DA:18,1
DA:21,6
DA:24,1
DA:25,7
DA:36,1
DA:61,1
DA:67,1
LF:13
LH:13
BRDA:9,0,0,1
BRDA:9,0,1,6
BRDA:17,1,0,1
BRDA:17,1,1,6
BRF:4
BRH:4
end_of_record
TN:
SF:/Users/janithar/Desktop/Repos/hey.car-challenge/HeyCarChallenge/src/components/Choice.stories.js
FN:11,(anonymous_0)
FN:18,(anonymous_1)
FN:25,(anonymous_2)
FNF:3
FNH:3
FNDA:1,(anonymous_0)
FNDA:1,(anonymous_1)
FNDA:1,(anonymous_2)
DA:9,1
DA:12,1
DA:19,1
DA:26,1
LF:4
LH:4
BRF:0
BRH:0
end_of_record
TN:
SF:/Users/janithar/Desktop/Repos/hey.car-challenge/HeyCarChallenge/src/components/Poll.js
FN:6,(anonymous_0)
FNF:1
FNH:1
FNDA:1,(anonymous_0)
DA:6,1
DA:7,1
DA:22,1
DA:30,1
LF:4
LH:4
BRF:0
BRH:0
end_of_record
TN:
SF:/Users/janithar/Desktop/Repos/hey.car-challenge/HeyCarChallenge/src/components/Poll.stories.js
FN:27,(anonymous_0)
FNF:1
FNH:1
FNDA:1,(anonymous_0)
DA:10,1
DA:12,1
DA:25,1
DA:28,1
LF:4
LH:4
BRF:0
BRH:0
end_of_record
TN:
SF:/Users/janithar/Desktop/Repos/hey.car-challenge/HeyCarChallenge/src/components/PollCompleted.js
FN:7,(anonymous_0)
FNF:1
FNH:1
FNDA:1,(anonymous_0)
DA:7,1
DA:8,1
DA:17,1
LF:3
LH:3
BRF:0
BRH:0
end_of_record
TN:
SF:/Users/janithar/Desktop/Repos/hey.car-challenge/HeyCarChallenge/src/components/PollCompleted.stories.js
FN:7,(anonymous_0)
FNF:1
FNH:1
FNDA:1,(anonymous_0)
DA:6,1
DA:8,1
LF:2
LH:2
BRF:0
BRH:0
end_of_record
TN:
SF:/Users/janithar/Desktop/Repos/hey.car-challenge/HeyCarChallenge/src/components/PollLoading.js
FN:7,(anonymous_0)
FNF:1
FNH:1
FNDA:1,(anonymous_0)
DA:7,1
DA:8,1
DA:17,1
LF:3
LH:3
BRF:0
BRH:0
end_of_record
TN:
SF:/Users/janithar/Desktop/Repos/hey.car-challenge/HeyCarChallenge/src/components/PollLoading.stories.js
FN:7,(anonymous_0)
FNF:1
FNH:1
FNDA:1,(anonymous_0)
DA:6,1
DA:8,1
LF:2
LH:2
BRF:0
BRH:0
end_of_record
TN:
SF:/Users/janithar/Desktop/Repos/hey.car-challenge/HeyCarChallenge/src/components/Question.js
FN:8,(anonymous_0)
FNF:1
FNH:1
FNDA:2,(anonymous_0)
DA:8,1
DA:9,2
DA:22,1
DA:34,1
LF:4
LH:4
BRF:0
BRH:0
end_of_record
TN:
SF:/Users/janithar/Desktop/Repos/hey.car-challenge/HeyCarChallenge/src/components/Question.stories.js
FN:9,(anonymous_0)
FNF:1
FNH:1
FNDA:1,(anonymous_0)
DA:7,1
DA:10,1
LF:2
LH:2
BRF:0
BRH:0
end_of_record
TN:
SF:/Users/janithar/Desktop/Repos/hey.car-challenge/HeyCarChallenge/src/resources/colors.js
FNF:0
FNH:0
DA:2,1
LF:1
LH:1
BRF:0
BRH:0
end_of_record
TN:
SF:/Users/janithar/Desktop/Repos/hey.car-challenge/HeyCarChallenge/src/resources/dimensions.js
FNF:0
FNH:0
DA:2,1
LF:1
LH:1
BRF:0
BRH:0
end_of_record
TN:
SF:/Users/janithar/Desktop/Repos/hey.car-challenge/HeyCarChallenge/storybook/index.js
FN:8,(anonymous_0)
FN:18,(anonymous_1)
FNF:2
FNH:1
FNDA:1,(anonymous_0)
FNDA:0,(anonymous_1)
DA:8,1
DA:9,1
DA:14,1
DA:18,1
LF:4
LH:4
BRF:0
BRH:0
end_of_record
TN:
SF:/Users/janithar/Desktop/Repos/hey.car-challenge/HeyCarChallenge/storybook/rn-addons.js
FNF:0
FNH:0
LF:0
LH:0
BRF:0
BRH:0
end_of_record
TN:
SF:/Users/janithar/Desktop/Repos/hey.car-challenge/HeyCarChallenge/storybook/storyLoader.js
FN:6,loadStories
FNF:1
FNH:1
FNDA:1,loadStories
DA:7,1
DA:8,1
DA:9,1
DA:10,1
DA:11,1
DA:12,1
DA:13,1
DA:14,1
DA:17,1
DA:28,1
LF:10
LH:10
BRF:0
BRH:0
end_of_record
